<?xml version="1.0" encoding="UTF-8"?>
<testng-results skipped="0" failed="0" ignored="0" total="1" passed="1">
  <reporter-output>
  </reporter-output>
  <suite name="test.AddCategoryTest" duration-ms="7961" started-at="2022-09-18T15:20:20Z" finished-at="2022-09-18T15:20:28Z">
    <groups>
    </groups>
    <test name="Command line test" duration-ms="7961" started-at="2022-09-18T15:20:20Z" finished-at="2022-09-18T15:20:28Z">
      <class name="test.AddCategoryTest">
        <test-method status="PASS" signature="validateTextBox()[pri:0, instance:test.AddCategoryTest@36d64342]" name="validateTextBox" duration-ms="7947" started-at="2022-09-18T15:20:20Z" finished-at="2022-09-18T15:20:28Z">
          <reporter-output>
          </reporter-output>
        </test-method> <!-- validateTextBox -->
      </class> <!-- test.AddCategoryTest -->
    </test> <!-- Command line test -->
  </suite> <!-- test.AddCategoryTest -->
</testng-results>
