<?xml version="1.0" encoding="UTF-8"?>
<testng-results skipped="0" failed="0" ignored="0" total="1" passed="1">
  <reporter-output>
  </reporter-output>
  <suite name="Default suite" duration-ms="2490" started-at="2022-09-26T18:07:58 CDT" finished-at="2022-09-26T18:08:00 CDT">
    <groups>
    </groups>
    <test name="Default test" duration-ms="2490" started-at="2022-09-26T18:07:58 CDT" finished-at="2022-09-26T18:08:00 CDT">
      <class name="test.AddCategoryTest">
        <test-method status="PASS" signature="validateTextBox()[pri:0, instance:test.AddCategoryTest@6acdbdf5]" name="validateTextBox" duration-ms="2467" started-at="2022-09-26T18:07:58 CDT" finished-at="2022-09-26T18:08:00 CDT">
          <reporter-output>
          </reporter-output>
        </test-method> <!-- validateTextBox -->
      </class> <!-- test.AddCategoryTest -->
    </test> <!-- Default test -->
  </suite> <!-- Default suite -->
</testng-results>
